Using pre-set license
Built from '2020.3/staging' branch; Version is '2020.3.3f1 (76626098c1c4) revision 7758432'; Using compiler version '192528614'; Build Type 'Release'
OS: 'Windows 10 Home Single Language; OS build 19042.985; Version 2009; 64bit' Language: 'en' Physical Memory: 8029 MB
BatchMode: 1, IsHumanControllingUs: 0, StartBugReporterOnCrash: 0, Is64bit: 1, IsPro: 0

 COMMAND LINE ARGUMENTS:
C:\Program Files\Unity\Hub\Editor\2020.3.3f1\Editor\Unity.exe
-adb2
-batchMode
-noUpm
-name
AssetImportWorker1
-projectPath
D:/unity/Solar System new
-logFile
Logs/AssetImportWorker1.log
-srvPort
55337
Successfully changed project path to: D:/unity/Solar System new
D:/unity/Solar System new
Using Asset Import Pipeline V2.
Refreshing native plugins compatible for Editor in 115.58 ms, found 0 plugins.
Preloading 0 native plugins for Editor in 0.00 ms.
Initialize engine version: 2020.3.3f1 (76626098c1c4)
[Subsystems] Discovering subsystems at path C:/Program Files/Unity/Hub/Editor/2020.3.3f1/Editor/Data/Resources/UnitySubsystems
[Subsystems] Discovering subsystems at path D:/unity/Solar System new/Assets
GfxDevice: creating device client; threaded=0
Direct3D:
    Version:  Direct3D 11.0 [level 11.1]
    Renderer: NVIDIA GeForce GTX 1650 (ID=0x1f99)
    Vendor:   
    VRAM:     3962 MB
    Driver:   27.21.14.6589
Initialize mono
Mono path[0] = 'C:/Program Files/Unity/Hub/Editor/2020.3.3f1/Editor/Data/Managed'
Mono path[1] = 'C:/Program Files/Unity/Hub/Editor/2020.3.3f1/Editor/Data/MonoBleedingEdge/lib/mono/unityjit'
Mono config path = 'C:/Program Files/Unity/Hub/Editor/2020.3.3f1/Editor/Data/MonoBleedingEdge/etc'
Using monoOptions --debugger-agent=transport=dt_socket,embedding=1,server=y,suspend=n,address=127.0.0.1:56092
Begin MonoManager ReloadAssembly
Registering precompiled unity dll's ...
Register platform support module: C:/Program Files/Unity/Hub/Editor/2020.3.3f1/Editor/Data/PlaybackEngines/WebGLSupport/UnityEditor.WebGL.Extensions.dll
Register platform support module: C:/Program Files/Unity/Hub/Editor/2020.3.3f1/Editor/Data/PlaybackEngines/WindowsStandaloneSupport/UnityEditor.WindowsStandalone.Extensions.dll
Registered in 0.018333 seconds.
Native extension for WindowsStandalone target not found
Native extension for WebGL target not found
Refreshing native plugins compatible for Editor in 112.23 ms, found 0 plugins.
Preloading 0 native plugins for Editor in 0.00 ms.
Invoked RoslynAnalysisRunner static constructor.
RoslynAnalysisRunner will not be running.
RoslynAnalysisRunner has terminated.
Mono: successfully reloaded assembly
- Completed reload, in 13.576 seconds
Platform modules already initialized, skipping
Registering precompiled user dll's ...
Registered in 0.001642 seconds.
Begin MonoManager ReloadAssembly
Native extension for WindowsStandalone target not found
Native extension for WebGL target not found
Refreshing native plugins compatible for Editor in 1.93 ms, found 0 plugins.
Preloading 0 native plugins for Editor in 0.00 ms.
Invoked RoslynAnalysisRunner static constructor.
RoslynAnalysisRunner will not be running.
RoslynAnalysisRunner has terminated.
Mono: successfully reloaded assembly
- Completed reload, in  3.750 seconds
Platform modules already initialized, skipping
========================================================================
Worker process is ready to serve import requests
Launched and connected shader compiler UnityShaderCompiler.exe after 0.16 seconds
Refreshing native plugins compatible for Editor in 2.47 ms, found 0 plugins.
Preloading 0 native plugins for Editor in 0.00 ms.
Unloading 1117 Unused Serialized files (Serialized files now loaded: 0)
System memory in use before: 57.7 MB.
System memory in use after: 57.7 MB.

Unloading 10 unused Assets to reduce memory usage. Loaded Objects now: 1561.
Total: 17.611200 ms (FindLiveObjects: 2.912200 ms CreateObjectMapping: 1.070600 ms MarkObjects: 12.209900 ms  DeleteObjects: 1.391000 ms)

========================================================================
Received Import Request.
  path: Assets/MilkyWay/Material/MilkyWay.mat
  artifactKey: Guid(860a66ca4259b384f9ec01b687f71c3c) Importer(815301076,1909f56bfc062723c751e8b465ee728b)
Start importing Assets/MilkyWay/Material/MilkyWay.mat using Guid(860a66ca4259b384f9ec01b687f71c3c) Importer(815301076,1909f56bfc062723c751e8b465ee728b)  -> (artifact id: '28df2835cf01bf6e16285525da85370b') in 2.218847 seconds
  Import took 2.297812 seconds .

========================================================================
Received Import Request.
  Time since last request: 0.000961 seconds.
  path: Assets/MilkyWay/Texture/MilkyWayPanorama8K.jpg
  artifactKey: Guid(18ec2d52be8f4524a97c25a2ed27838e) Importer(815301076,1909f56bfc062723c751e8b465ee728b)
Start importing Assets/MilkyWay/Texture/MilkyWayPanorama8K.jpg using Guid(18ec2d52be8f4524a97c25a2ed27838e) Importer(815301076,1909f56bfc062723c751e8b465ee728b)  -> (artifact id: '1caf23eb3b51286efff781975e2f626d') in 1.351452 seconds
  Import took 1.426321 seconds .

========================================================================
Received Import Request.
  Time since last request: 0.002657 seconds.
  path: Assets/MilkyWay/MilkyWaySkybox.pdf
  artifactKey: Guid(68906deb0dd48994c9f5c818731596ab) Importer(815301076,1909f56bfc062723c751e8b465ee728b)
Start importing Assets/MilkyWay/MilkyWaySkybox.pdf using Guid(68906deb0dd48994c9f5c818731596ab) Importer(815301076,1909f56bfc062723c751e8b465ee728b)  -> (artifact id: 'b1fac9a9cdad977bd26de5c5b027ea06') in 0.269176 seconds
  Import took 0.283115 seconds .

========================================================================
Received Import Request.
  Time since last request: 0.001297 seconds.
  path: Assets/MilkyWay/Material
  artifactKey: Guid(58d58d3b0df424d45aeb7d355d273b3e) Importer(815301076,1909f56bfc062723c751e8b465ee728b)
Start importing Assets/MilkyWay/Material using Guid(58d58d3b0df424d45aeb7d355d273b3e) Importer(815301076,1909f56bfc062723c751e8b465ee728b)  -> (artifact id: 'befcab0458a333dc45a6231b2eca1232') in 0.074267 seconds
  Import took 0.094586 seconds .

========================================================================
Received Prepare
Registering precompiled user dll's ...
Registered in 0.004260 seconds.
Begin MonoManager ReloadAssembly
Native extension for WindowsStandalone target not found
Native extension for WebGL target not found
Refreshing native plugins compatible for Editor in 0.76 ms, found 0 plugins.
Preloading 0 native plugins for Editor in 0.00 ms.
Invoked RoslynAnalysisRunner static constructor.
RoslynAnalysisRunner will not be running.
RoslynAnalysisRunner has terminated.
Mono: successfully reloaded assembly
- Completed reload, in  3.303 seconds
Platform modules already initialized, skipping
Refreshing native plugins compatible for Editor in 1.10 ms, found 0 plugins.
Preloading 0 native plugins for Editor in 0.00 ms.
Unloading 1112 Unused Serialized files (Serialized files now loaded: 0)
System memory in use before: 61.0 MB.
System memory in use after: 61.1 MB.

Unloading 5 unused Assets to reduce memory usage. Loaded Objects now: 1607.
Total: 7.356000 ms (FindLiveObjects: 0.466000 ms CreateObjectMapping: 0.203300 ms MarkObjects: 6.572500 ms  DeleteObjects: 0.108400 ms)

========================================================================
Received Import Request.
  Time since last request: 336.816685 seconds.
  path: Assets/MilkyWay/Texture/Materials/MilkyWayPanorama8K.mat
  artifactKey: Guid(ff1cda475929dc04db3b933f23d76d31) Importer(815301076,1909f56bfc062723c751e8b465ee728b)
Start importing Assets/MilkyWay/Texture/Materials/MilkyWayPanorama8K.mat using Guid(ff1cda475929dc04db3b933f23d76d31) Importer(815301076,1909f56bfc062723c751e8b465ee728b)  -> (artifact id: 'd6fec64eef280234e32e367871397740') in 1.467455 seconds
  Import took 1.540379 seconds .

========================================================================
Received Import Request.
  Time since last request: 0.030488 seconds.
  path: Assets/MilkyWay/Texture/Materials/MilkyWayPanorama8K.mat
  artifactKey: Guid(ff1cda475929dc04db3b933f23d76d31) Importer(815301076,1909f56bfc062723c751e8b465ee728b)
Start importing Assets/MilkyWay/Texture/Materials/MilkyWayPanorama8K.mat using Guid(ff1cda475929dc04db3b933f23d76d31) Importer(815301076,1909f56bfc062723c751e8b465ee728b)  -> (artifact id: 'd6fec64eef280234e32e367871397740') in 0.853675 seconds
  Import took 0.928542 seconds .

========================================================================
Received Prepare
Registering precompiled user dll's ...
Registered in 0.003238 seconds.
Begin MonoManager ReloadAssembly
Native extension for WindowsStandalone target not found
Native extension for WebGL target not found
Refreshing native plugins compatible for Editor in 1.44 ms, found 0 plugins.
Preloading 0 native plugins for Editor in 0.00 ms.
Invoked RoslynAnalysisRunner static constructor.
RoslynAnalysisRunner will not be running.
RoslynAnalysisRunner has terminated.
Mono: successfully reloaded assembly
- Completed reload, in  4.927 seconds
Platform modules already initialized, skipping
Refreshing native plugins compatible for Editor in 1.59 ms, found 0 plugins.
Preloading 0 native plugins for Editor in 0.00 ms.
Unloading 1112 Unused Serialized files (Serialized files now loaded: 0)
System memory in use before: 61.1 MB.
System memory in use after: 61.1 MB.

Unloading 5 unused Assets to reduce memory usage. Loaded Objects now: 1611.
Total: 10.829900 ms (FindLiveObjects: 1.231400 ms CreateObjectMapping: 0.711400 ms MarkObjects: 8.716900 ms  DeleteObjects: 0.162400 ms)

========================================================================
Received Prepare
Registering precompiled user dll's ...
Registered in 0.003816 seconds.
Begin MonoManager ReloadAssembly
Native extension for WindowsStandalone target not found
Native extension for WebGL target not found
Refreshing native plugins compatible for Editor in 1.01 ms, found 0 plugins.
Preloading 0 native plugins for Editor in 0.00 ms.
Invoked RoslynAnalysisRunner static constructor.
RoslynAnalysisRunner will not be running.
RoslynAnalysisRunner has terminated.
Mono: successfully reloaded assembly
- Completed reload, in  4.477 seconds
Platform modules already initialized, skipping
Refreshing native plugins compatible for Editor in 0.79 ms, found 0 plugins.
Preloading 0 native plugins for Editor in 0.00 ms.
Unloading 1112 Unused Serialized files (Serialized files now loaded: 0)
System memory in use before: 61.1 MB.
System memory in use after: 61.1 MB.

Unloading 5 unused Assets to reduce memory usage. Loaded Objects now: 1614.
Total: 8.947500 ms (FindLiveObjects: 0.827900 ms CreateObjectMapping: 0.167700 ms MarkObjects: 7.718400 ms  DeleteObjects: 0.222400 ms)

========================================================================
Received Prepare
Registering precompiled user dll's ...
Registered in 0.003127 seconds.
Begin MonoManager ReloadAssembly
Native extension for WindowsStandalone target not found
Native extension for WebGL target not found
Refreshing native plugins compatible for Editor in 1.34 ms, found 0 plugins.
Preloading 0 native plugins for Editor in 0.00 ms.
Invoked RoslynAnalysisRunner static constructor.
RoslynAnalysisRunner will not be running.
RoslynAnalysisRunner has terminated.
Mono: successfully reloaded assembly
- Completed reload, in  3.564 seconds
Platform modules already initialized, skipping
Refreshing native plugins compatible for Editor in 2.47 ms, found 0 plugins.
Preloading 0 native plugins for Editor in 0.00 ms.
Unloading 1112 Unused Serialized files (Serialized files now loaded: 0)
System memory in use before: 61.1 MB.
System memory in use after: 61.2 MB.

Unloading 5 unused Assets to reduce memory usage. Loaded Objects now: 1617.
Total: 8.536500 ms (FindLiveObjects: 0.437400 ms CreateObjectMapping: 0.288800 ms MarkObjects: 7.683500 ms  DeleteObjects: 0.122300 ms)

========================================================================
Received Prepare
Registering precompiled user dll's ...
Registered in 0.002965 seconds.
Begin MonoManager ReloadAssembly
Native extension for WindowsStandalone target not found
Native extension for WebGL target not found
Refreshing native plugins compatible for Editor in 0.66 ms, found 0 plugins.
Preloading 0 native plugins for Editor in 0.00 ms.
Invoked RoslynAnalysisRunner static constructor.
RoslynAnalysisRunner will not be running.
RoslynAnalysisRunner has terminated.
Mono: successfully reloaded assembly
- Completed reload, in  3.546 seconds
Platform modules already initialized, skipping
Refreshing native plugins compatible for Editor in 1.21 ms, found 0 plugins.
Preloading 0 native plugins for Editor in 0.00 ms.
Unloading 1112 Unused Serialized files (Serialized files now loaded: 0)
System memory in use before: 61.1 MB.
System memory in use after: 61.2 MB.

Unloading 5 unused Assets to reduce memory usage. Loaded Objects now: 1620.
Total: 8.849000 ms (FindLiveObjects: 0.831500 ms CreateObjectMapping: 0.551100 ms MarkObjects: 7.196100 ms  DeleteObjects: 0.261800 ms)

========================================================================
Received Prepare
Registering precompiled user dll's ...
Registered in 0.002140 seconds.
Begin MonoManager ReloadAssembly
Native extension for WindowsStandalone target not found
Native extension for WebGL target not found
Refreshing native plugins compatible for Editor in 8.22 ms, found 0 plugins.
Preloading 0 native plugins for Editor in 0.00 ms.
Invoked RoslynAnalysisRunner static constructor.
RoslynAnalysisRunner will not be running.
RoslynAnalysisRunner has terminated.
Mono: successfully reloaded assembly
- Completed reload, in  4.018 seconds
Platform modules already initialized, skipping
Refreshing native plugins compatible for Editor in 0.41 ms, found 0 plugins.
Preloading 0 native plugins for Editor in 0.00 ms.
Unloading 1112 Unused Serialized files (Serialized files now loaded: 0)
System memory in use before: 61.1 MB.
System memory in use after: 61.2 MB.

Unloading 5 unused Assets to reduce memory usage. Loaded Objects now: 1623.
Total: 9.994400 ms (FindLiveObjects: 0.745000 ms CreateObjectMapping: 1.629700 ms MarkObjects: 7.177500 ms  DeleteObjects: 0.436500 ms)

========================================================================
Received Prepare
Refreshing native plugins compatible for Editor in 3.64 ms, found 0 plugins.
Preloading 0 native plugins for Editor in 0.00 ms.
Unloading 3 Unused Serialized files (Serialized files now loaded: 0)
System memory in use before: 39.1 MB.
System memory in use after: 39.2 MB.

Unloading 3 unused Assets to reduce memory usage. Loaded Objects now: 1623.
Total: 8.518300 ms (FindLiveObjects: 0.612900 ms CreateObjectMapping: 0.346100 ms MarkObjects: 7.270800 ms  DeleteObjects: 0.277300 ms)

AssetImportWorkerClient::OnTransportError - code=2 error=End of file
